Build started 2015/06/09 4:53:16 PM.
     1>Project "E:\FYP\Syriana\SyrianaEngine\SyrianaEngine.vcxproj" on node 2 (Build target(s)).
     1>ClCompile:
         C:\Program Files (x86)\Microsoft Visual Studio 12.0\VC\bin\CL.exe /c /ZI /nologo /W3 /WX- /sdl /Od /Oy- /D _CRT_SECURE_NO_WARNINGS /D _MBCS /Gm /EHsc /RTC1 /MDd /GS /fp:precise /Zc:wchar_t /Zc:forScope /Fo"E:\FYP\Syriana\bin\Debug\intermediate\\" /Fd"E:\FYP\Syriana\bin\Debug\intermediate\vc120.pdb" /Gd /TP /analyze- /errorReport:prompt main.cpp src\graphics\renderer2d.cpp src\graphics\shader.cpp
         shader.cpp
         renderer2d.cpp
     1>e:\fyp\syriana\syrianaengine\src\graphics\renderer2d.cpp(76): warning C4018: '<' : signed/unsigned mismatch
     1>e:\fyp\syriana\syrianaengine\src\graphics\renderer2d.cpp(98): warning C4244: '=' : conversion from 'int' to 'float', possible loss of data
     1>e:\fyp\syriana\syrianaengine\src\graphics\renderer2d.cpp(104): warning C4244: '=' : conversion from 'int' to 'float', possible loss of data
     1>e:\fyp\syriana\syrianaengine\src\graphics\renderer2d.cpp(110): warning C4244: '=' : conversion from 'int' to 'float', possible loss of data
     1>e:\fyp\syriana\syrianaengine\src\graphics\renderer2d.cpp(116): warning C4244: '=' : conversion from 'int' to 'float', possible loss of data
     1>e:\fyp\syriana\syrianaengine\src\graphics\renderer2d.cpp(129): warning C4018: '<' : signed/unsigned mismatch
         main.cpp
     1>c:\program files (x86)\windows kits\8.1\include\shared\minwindef.h(130): warning C4005: 'APIENTRY' : macro redefinition
                 e:\fyp\syriana\dependencies\glfw\include\glfw\glfw3.h(85) : see previous definition of 'APIENTRY'
     1>e:\fyp\syriana\syrianaengine\main.cpp(27): warning C4244: 'argument' : conversion from 'time_t' to 'unsigned int', possible loss of data
     1>e:\fyp\syriana\syrianaengine\main.cpp(47): warning C4244: 'argument' : conversion from 'int' to 'const float', possible loss of data
     1>e:\fyp\syriana\syrianaengine\main.cpp(55): warning C4305: 'argument' : truncation from 'double' to 'const float'
     1>e:\fyp\syriana\syrianaengine\main.cpp(56): warning C4305: 'argument' : truncation from 'double' to 'const float'
     1>e:\fyp\syriana\syrianaengine\main.cpp(81): warning C4244: '=' : conversion from 'double' to 'float', possible loss of data
     1>e:\fyp\syriana\syrianaengine\main.cpp(90): warning C4305: '+=' : truncation from 'double' to 'float'
     1>e:\fyp\syriana\syrianaengine\main.cpp(91): warning C4305: '+=' : truncation from 'double' to 'float'
         Generating Code...
       Link:
         C:\Program Files (x86)\Microsoft Visual Studio 12.0\VC\bin\link.exe /ERRORREPORT:PROMPT /OUT:"E:\FYP\Syriana\bin\Debug\SyrianaEngine.exe" /INCREMENTAL /NOLOGO opengl32.lib glew32.lib glfw3.lib DevIL.lib ILU.lib ILUT.lib kernel32.lib user32.lib gdi32.lib winspool.lib comdlg32.lib advapi32.lib shell32.lib ole32.lib oleaut32.lib uuid.lib odbc32.lib odbccp32.lib /MANIFEST /MANIFESTUAC:"level='asInvoker' uiAccess='false'" /manifest:embed /DEBUG /PDB:"E:\FYP\Syriana\bin\Debug\SyrianaEngine.pdb" /TLBID:1 /DYNAMICBASE /NXCOMPAT /IMPLIB:"E:\FYP\Syriana\bin\Debug\SyrianaEngine.lib" /MACHINE:X86 E:\FYP\Syriana\bin\Debug\intermediate\main.obj
         E:\FYP\Syriana\bin\Debug\intermediate\group2d.obj
         E:\FYP\Syriana\bin\Debug\intermediate\layer2d.obj
         E:\FYP\Syriana\bin\Debug\intermediate\renderer2d.obj
         E:\FYP\Syriana\bin\Debug\intermediate\shader.obj
         E:\FYP\Syriana\bin\Debug\intermediate\simplelayer2d.obj
         E:\FYP\Syriana\bin\Debug\intermediate\sprite.obj
         E:\FYP\Syriana\bin\Debug\intermediate\texture.obj
         E:\FYP\Syriana\bin\Debug\intermediate\transformation.obj
         E:\FYP\Syriana\bin\Debug\intermediate\window.obj
         E:\FYP\Syriana\bin\Debug\intermediate\keyboard.obj
         E:\FYP\Syriana\bin\Debug\intermediate\mouse.obj
         E:\FYP\Syriana\bin\Debug\intermediate\matrix4.obj
         E:\FYP\Syriana\bin\Debug\intermediate\vector2.obj
         E:\FYP\Syriana\bin\Debug\intermediate\vector3.obj
         E:\FYP\Syriana\bin\Debug\intermediate\vector4.obj
         E:\FYP\Syriana\bin\Debug\intermediate\file.obj
         SyrianaEngine.vcxproj -> E:\FYP\Syriana\bin\Debug\SyrianaEngine.exe
     1>Done Building Project "E:\FYP\Syriana\SyrianaEngine\SyrianaEngine.vcxproj" (Build target(s)).

Build succeeded.

Time Elapsed 00:00:03.47
