e:\fyp\syriana\bin\debug\intermediate\vc120.pdb
e:\fyp\syriana\bin\debug\intermediate\vc120.idb
e:\fyp\syriana\bin\debug\intermediate\main.obj
e:\fyp\syriana\bin\debug\intermediate\renderer2d.obj
e:\fyp\syriana\bin\debug\intermediate\shader.obj
e:\fyp\syriana\bin\debug\intermediate\sprite.obj
e:\fyp\syriana\bin\debug\intermediate\window.obj
e:\fyp\syriana\bin\debug\intermediate\keyboard.obj
e:\fyp\syriana\bin\debug\intermediate\mouse.obj
e:\fyp\syriana\bin\debug\intermediate\matrix4.obj
e:\fyp\syriana\bin\debug\intermediate\vector2.obj
e:\fyp\syriana\bin\debug\intermediate\vector3.obj
e:\fyp\syriana\bin\debug\intermediate\vector4.obj
e:\fyp\syriana\bin\debug\intermediate\file.obj
e:\fyp\syriana\bin\debug\syrianaengine.pdb
e:\fyp\syriana\bin\debug\intermediate\syrianaengine.tlog\cl.command.1.tlog
e:\fyp\syriana\bin\debug\intermediate\syrianaengine.tlog\cl.read.1.tlog
e:\fyp\syriana\bin\debug\intermediate\syrianaengine.tlog\cl.write.1.tlog
e:\fyp\syriana\bin\debug\intermediate\syrianaengine.tlog\link.696-cvtres.read.1.tlog
e:\fyp\syriana\bin\debug\intermediate\syrianaengine.tlog\link.696-cvtres.write.1.tlog
e:\fyp\syriana\bin\debug\intermediate\syrianaengine.tlog\link.696-rc.read.1.tlog
e:\fyp\syriana\bin\debug\intermediate\syrianaengine.tlog\link.696-rc.write.1.tlog
e:\fyp\syriana\bin\debug\intermediate\syrianaengine.tlog\link.696.read.1.tlog
e:\fyp\syriana\bin\debug\intermediate\syrianaengine.tlog\link.696.write.1.tlog
e:\fyp\syriana\bin\debug\intermediate\syrianaengine.tlog\link.command.1.tlog
e:\fyp\syriana\bin\debug\intermediate\syrianaengine.tlog\link.read.1.tlog
e:\fyp\syriana\bin\debug\intermediate\syrianaengine.tlog\link.write.1.tlog
