e:\fyp\syriana\bin\release\intermediate\vc120.pdb
e:\fyp\syriana\bin\release\intermediate\shader.obj
e:\fyp\syriana\bin\release\intermediate\main.obj
e:\fyp\syriana\bin\release\intermediate\file.obj
e:\fyp\syriana\bin\release\intermediate\vector4.obj
e:\fyp\syriana\bin\release\intermediate\vector3.obj
e:\fyp\syriana\bin\release\intermediate\vector2.obj
e:\fyp\syriana\bin\release\intermediate\matrix4.obj
e:\fyp\syriana\bin\release\intermediate\mouse.obj
e:\fyp\syriana\bin\release\intermediate\keyboard.obj
e:\fyp\syriana\bin\release\intermediate\window.obj
e:\fyp\syriana\bin\release\intermediate\sprite.obj
e:\fyp\syriana\bin\release\intermediate\renderer2d.obj
e:\fyp\syriana\bin\release\intermediate\tile.obj
e:\fyp\syriana\bin\release\intermediate\layer2d.obj
e:\fyp\syriana\bin\release\syrianaengine.exe
e:\fyp\syriana\bin\release\syrianaengine.pdb
e:\fyp\syriana\bin\release\intermediate\syrianaengine.tlog\cl.command.1.tlog
e:\fyp\syriana\bin\release\intermediate\syrianaengine.tlog\cl.read.1.tlog
e:\fyp\syriana\bin\release\intermediate\syrianaengine.tlog\cl.write.1.tlog
e:\fyp\syriana\bin\release\intermediate\syrianaengine.tlog\link.command.1.tlog
e:\fyp\syriana\bin\release\intermediate\syrianaengine.tlog\link.read.1.tlog
e:\fyp\syriana\bin\release\intermediate\syrianaengine.tlog\link.write.1.tlog
